"monitor"
"Time Step" "flow-time etc.."
("Time Step" "flow-time" "temp_setpoint" "ch4_in" "ch4_out")
0 0 423.1499917991702 2.195985408079357e-08 -2.195871999634341e-08
10 100 426.4833217345688 2.195985408079357e-08 -2.195376924764428e-08
20 200 429.8166516699674 2.195985408079357e-08 -2.195981255541976e-08
30 300 433.1499816053661 2.195985408079357e-08 -2.195986858904268e-08
40 400 436.4833115407647 2.195985408079357e-08 -2.195919113520075e-08
50 500 439.8166414761634 2.195985408079357e-08 -2.195968039639e-08
60 600 443.1499714115619 2.195985408079357e-08 -2.195911774495457e-08
70 700 446.4833013469606 2.195985408079357e-08 -2.19580046660457e-08
80 800 449.8166312823593 2.195985408079357e-08 -2.195699645778064e-08
90 900 453.1499612177579 2.195985408079357e-08 -2.1957569636642e-08
100 1000 456.4832911531564 2.195985408079357e-08 -2.195477213352903e-08
110 1100 459.8166210885551 2.195985408079357e-08 -2.195298281822876e-08
120 1200 463.1499510239537 2.195985408079357e-08 -2.195046292347823e-08
130 1300 466.4832809593523 2.195985408079357e-08 -2.194909842188931e-08
140 1400 469.8166108947509 2.195985408079357e-08 -2.194542076153929e-08
150 1500 473.1499408301495 2.195985408079357e-08 -2.194331557905958e-08
160 1600 476.4832707655482 2.195985408079357e-08 -2.193975561558688e-08
170 1700 479.8166007009468 2.195985408079357e-08 -2.193546354877516e-08
180 1800 483.1499306363453 2.195985408079357e-08 -2.193015903513373e-08
190 1900 486.4832605717441 2.195985408079357e-08 -2.192459660047934e-08
200 2000 489.8165905071428 2.195985408079357e-08 -2.191792123176967e-08
210 2100 493.1499204425413 2.195985408079357e-08 -2.191028318006221e-08
220 2200 496.48325037794 2.195985408079357e-08 -2.19012166179449e-08
230 2300 499.8165803133386 2.195985408079357e-08 -2.189384696224369e-08
240 2400 503.1499102487372 2.195985408079357e-08 -2.187802621407405e-08
250 2500 506.4832401841359 2.195985408079357e-08 -2.186386264163756e-08
260 2600 509.8165701195345 2.195985408079357e-08 -2.1847005852349e-08
270 2700 513.149900054933 2.195985408079357e-08 -2.18289843215638e-08
280 2800 516.4832299903318 2.195985408079357e-08 -2.180696995224302e-08
290 2900 519.8165599257302 2.195985408079357e-08 -2.178153999055916e-08
300 3000 523.1498898611291 2.195985408079357e-08 -2.175344385123417e-08
310 3100 526.4832197965276 2.195985408079357e-08 -2.172021777783907e-08
320 3200 529.8165497319262 2.195985408079357e-08 -2.168089069566977e-08
330 3300 533.1498796673247 2.195985408079357e-08 -2.163914580942896e-08
340 3400 536.4832096027235 2.195985408079357e-08 -2.158866571217439e-08
350 3500 539.8165395381221 2.195985408079357e-08 -2.15319686254945e-08
360 3600 543.1498694735207 2.195985408079357e-08 -2.146641226012365e-08
370 3700 546.4831994089193 2.195985408079357e-08 -2.139182194639362e-08
380 3800 549.8165293443182 2.195985408079357e-08 -2.130626406218421e-08
390 3900 553.1498592797166 2.195985408079357e-08 -2.120751012967518e-08
400 4000 556.4831892151153 2.195985408079357e-08 -2.109370948585828e-08
410 4100 559.8165191505138 2.195985408079357e-08 -2.09639422197764e-08
420 4200 563.1498490859126 2.195985408079357e-08 -2.081365746940609e-08
430 4300 566.4831790213109 2.195985408079357e-08 -2.064122325407155e-08
440 4400 569.8165089567098 2.195985408079357e-08 -2.044284304385302e-08
450 4500 573.1498388921083 2.195985408079357e-08 -2.021075095461801e-08
460 4600 576.483168827507 2.195985408079357e-08 -1.994386902297777e-08
470 4700 579.8164987629054 2.195985408079357e-08 -1.963000517230438e-08
480 4800 583.1498286983043 2.195985408079357e-08 -1.926393306456913e-08
490 4900 586.4831586337027 2.195985408079357e-08 -1.882787342094562e-08
500 5000 589.8164885691016 2.195985408079357e-08 -1.831334377458524e-08
510 5100 593.1498185044999 2.195985408079357e-08 -1.769414918958658e-08
520 5200 596.4831484398987 2.195985408079357e-08 -1.694678482342008e-08
530 5300 599.8164783752973 2.195985408079357e-08 -1.603466406939948e-08
540 5400 603.1498083106959 2.195985408079357e-08 -1.491536104203664e-08
550 5500 606.4831382460945 2.195985408079357e-08 -1.354220500334727e-08
560 5600 609.8164681814933 2.195985408079357e-08 -1.189185539229853e-08
570 5700 613.1497981168918 2.195985408079357e-08 -1.000169764913155e-08
580 5800 616.4831280522905 2.195985408079357e-08 -8.030035076386327e-09
590 5900 619.816457987689 2.195985408079357e-08 -6.221457426328181e-09
600 6000 623.1497879230877 2.195985408079357e-08 -4.763472026403017e-09
610 6100 626.4831178584861 2.195985408079357e-08 -3.685046965732564e-09
620 6200 629.8164477938849 2.195985408079357e-08 -2.912830211175893e-09
630 6300 633.1497777292835 2.195985408079357e-08 -2.356820632340842e-09
640 6400 636.4831076646822 2.195985408079357e-08 -1.943299226651474e-09
650 6500 639.8164376000808 2.195985408079357e-08 -1.623894344431389e-09
660 6600 643.1497675354794 2.195985408079357e-08 -1.36995526860684e-09
670 6700 646.4830974708781 2.195985408079357e-08 -1.163207571025994e-09
680 6800 649.8164274062767 2.195985408079357e-08 -9.920756088009101e-10
690 6900 653.1497573416752 2.195985408079357e-08 -8.484435406947056e-10
700 7000 656.483087277074 2.195985408079357e-08 -7.268285676486204e-10
710 7100 659.8164172124725 2.195985408079357e-08 -6.230908053817327e-10
720 7200 663.1497471478712 2.195985408079357e-08 -5.3444959613398e-10
730 7300 666.4830770832697 2.195985408079357e-08 -4.583475079261612e-10
740 7400 669.8164070186684 2.195985408079357e-08 -3.92917268747923e-10
750 7500 673.1497369540672 2.195985408079357e-08 -3.366288580297985e-10
760 7600 676.4830668894657 2.195985408079357e-08 -2.881568418135527e-10
770 7700 679.8163968248642 2.195985408079357e-08 -2.46412427532403e-10
780 7800 683.1497267602631 2.195985408079357e-08 -2.103419817838063e-10
790 7900 686.4830566956615 2.195985408079357e-08 -1.79329748950936e-10
800 8000 689.8163866310601 2.195985408079357e-08 -1.527167397659257e-10
810 8100 693.1497165664588 2.195985408079357e-08 -1.298342858239854e-10
820 8200 696.4830465018575 2.195985408079357e-08 -1.101953424419152e-10
830 8300 699.8163764372561 2.195985408079357e-08 -9.337600369634001e-11
840 8400 703.1497063726547 2.195985408079357e-08 -7.897556047360752e-11
850 8500 706.4830363080534 2.195985408079357e-08 -6.664015950797199e-11
860 8600 709.816366243452 2.195985408079357e-08 -5.611260466786517e-11
870 8700 713.1496961788507 2.195985408079357e-08 -4.71743647905862e-11
880 8800 716.4830261142491 2.195985408079357e-08 -3.956145428387471e-11
890 8900 719.816356049648 2.195985408079357e-08 -3.311869022647485e-11
900 9000 723.1496859850463 2.195985408079357e-08 -2.765875207776291e-11
910 9100 726.4830159204452 2.195985408079357e-08 -2.305961188168746e-11
920 9200 729.8163458558437 2.195985408079357e-08 -1.936793316693476e-11
930 9300 733.1496757912424 2.195985408079357e-08 -1.611249657119547e-11
940 9400 736.483005726641 2.195985408079357e-08 -1.334420148584298e-11
950 9500 739.8163356620396 2.195985408079357e-08 -1.102593190100184e-11
960 9600 743.1496655974382 2.195985408079357e-08 -9.089305961189138e-12
970 9700 746.4829955328368 2.195985408079357e-08 -7.478390301525723e-12
980 9800 749.8163254682355 2.195985408079357e-08 -6.141842772886793e-12
990 9900 753.1496554036341 2.195985408079357e-08 -5.033134295692411e-12
1000 10000 756.4829853390327 2.195985408079357e-08 -4.112909505996463e-12
1010 10100 759.8163152744313 2.195985408079357e-08 -3.35439263482689e-12
1020 10200 763.1496452098298 2.195985408079357e-08 -2.729201832811522e-12
1030 10300 766.4829751452287 2.195985408079357e-08 -2.217336489685958e-12
1040 10400 769.8163050806272 2.195985408079357e-08 -1.797436422996258e-12
1050 10500 773.1496350160259 2.195985408079357e-08 -1.455239248599372e-12
1060 10600 776.4829649514244 2.195985408079357e-08 -1.176039376816603e-12
1070 10700 779.816294886823 2.195985408079357e-08 -9.47452600060673e-13
1080 10800 783.1496248222217 2.195985408079357e-08 -7.617677807785492e-13
1090 10900 786.4829547576204 2.195985408079357e-08 -6.113199184079588e-13
1100 11000 789.8162846930189 2.195985408079357e-08 -4.891187773709151e-13
1110 11100 793.1496146284175 2.195985408079357e-08 -3.905829324377773e-13
1120 11200 796.4829445638163 2.195985408079357e-08 -3.115862444011876e-13
1130 11300 799.8162744992148 2.195985408079357e-08 -2.493389950674206e-13
1140 11400 803.1496044346136 2.195985408079357e-08 -2.010361637741564e-13
1150 11500 806.4829343700121 2.195985408079357e-08 -1.623046829857279e-13
1160 11600 809.8162643054105 2.195985408079357e-08 -1.304334033620124e-13
1170 11700 813.1495942408093 2.195985408079357e-08 -1.03190947518501e-13
1180 11800 816.4829241762083 2.195985408079357e-08 -8.147694892252954e-14
1190 11900 819.8162541116066 2.195985408079357e-08 -6.422760461503085e-14
1200 12000 823.1495840470051 2.195985408079357e-08 -5.054846165357355e-14
1210 12100 826.4829139824039 2.195985408079357e-08 -3.971610531469657e-14
1220 12200 829.8162439178027 2.195985408079357e-08 -3.112547509306375e-14
1230 12300 833.149573853201 2.195985408079357e-08 -2.43452108799097e-14
1240 12400 836.4829037885996 2.195985408079357e-08 -1.903201422821945e-14
1250 12500 839.8162337239985 2.195985408079357e-08 -1.484744278214773e-14
1260 12600 843.1495636593971 2.195985408079357e-08 -1.157933219647576e-14
1270 12700 846.4828935947955 2.195985408079357e-08 -9.017082985227566e-15
1280 12800 849.8162235301941 2.195985408079357e-08 -7.013240136891996e-15
1290 12900 853.1495534655928 2.195985408079357e-08 -5.434040558524093e-15
1300 13000 856.4828834009916 2.195985408079357e-08 -4.215093119785314e-15
1310 13100 859.81621333639 2.195985408079357e-08 -3.26617058906159e-15
1320 13200 863.1495432717886 2.195985408079357e-08 -2.527994068315361e-15
1330 13300 866.4828732071875 2.195985408079357e-08 -1.954404920228398e-15
1340 13400 869.816203142586 2.195985408079357e-08 -1.509210982867757e-15
1350 13500 873.149983077976 2.195985408079357e-08 -1.164213118760965e-15
1360 13600 856.4833134009831 2.195985408079357e-08 -1.030229635870393e-15
1370 13700 839.8166437239903 2.195985408079357e-08 -2.529337425907998e-15
1380 13800 823.1499740469977 2.195985408079357e-08 -8.340061205689892e-15
1390 13900 806.4833043700048 2.195985408079357e-08 -2.786350475761748e-14
1400 14000 789.8166346930121 2.195985408079357e-08 -9.375481667793485e-14
1410 14100 773.1499650160195 2.195985408079357e-08 -3.552079191953987e-13
1420 14200 756.4832953390265 2.195985408079357e-08 -1.039519889871903e-12
1430 14300 739.8166256620341 2.195985408079357e-08 -2.900744089836777e-12
1440 14400 723.1499559850412 2.195985408079357e-08 -7.607283274271788e-12
1450 14500 706.4832863080485 2.195985408079357e-08 -1.971556080061691e-11
1460 14600 689.8166166310557 2.195985408079357e-08 -4.667837118407757e-11
1470 14700 673.1499469540631 2.195985408079357e-08 -1.037840437314238e-10
1480 14800 656.4832772770702 2.195985408079357e-08 -2.192788566568232e-10
1490 14900 639.8166076000774 2.195985408079357e-08 -4.439305117885193e-10
1500 15000 623.1499379230848 2.195985408079357e-08 -8.673965551315912e-10
1510 15100 606.4832682460918 2.195985408079357e-08 -1.6618588475942e-09
1520 15200 589.8165985690994 2.195985408079357e-08 -3.204325320849645e-09
1530 15300 573.1499288921066 2.195985408079357e-08 -6.454439406315574e-09
1540 15400 556.4832592151138 2.195985408079357e-08 -1.35338344307951e-08
1550 15500 539.8165895381211 2.195985408079357e-08 -1.987854406899963e-08
1560 15600 523.1499198611285 2.195985408079357e-08 -2.124563860008573e-08
1570 15700 506.4832501841356 2.195985408079357e-08 -2.164697372171798e-08
1580 15800 489.8165805071429 2.195985408079357e-08 -2.1811867773429e-08
1590 15900 473.1499108301502 2.195985408079357e-08 -2.188495739297594e-08
1600 16000 456.4832411531573 2.195985408079357e-08 -2.191968337676918e-08
1610 16100 439.8165714761647 2.195985408079357e-08 -2.194582270603782e-08
1620 16200 423.1499017991719 2.195985408079357e-08 -2.194804487717682e-08
