"monitor"
"Time Step" "flow-time etc.."
("Time Step" "flow-time" "temp_setpoint" "ch4_in" "ch4_out")
0 0 423.1499917991702 2.195985408079357e-08 -2.194490007758799e-08
10 100 426.4833217345688 2.195985408079357e-08 -2.195168225700217e-08
20 200 429.8166516699674 2.195985408079357e-08 -2.195778222059548e-08
30 300 433.1499816053661 2.195985408079357e-08 -2.195902231902667e-08
40 400 436.4833115407647 2.195985408079357e-08 -2.195963152166357e-08
50 500 439.8166414761634 2.195985408079357e-08 -2.196009673510081e-08
60 600 443.1499714115619 2.195985408079357e-08 -2.195916713550402e-08
70 700 446.4833013469606 2.195985408079357e-08 -2.195730349018082e-08
80 800 449.8166312823593 2.195985408079357e-08 -2.19568564884294e-08
90 900 453.1499612177579 2.195985408079357e-08 -2.195578007097818e-08
100 1000 456.4832911531564 2.195985408079357e-08 -2.195458182586974e-08
110 1100 459.8166210885551 2.195985408079357e-08 -2.195256212792361e-08
120 1200 463.1499510239537 2.195985408079357e-08 -2.195162470929491e-08
130 1300 466.4832809593523 2.195985408079357e-08 -2.194928849435228e-08
140 1400 469.8166108947509 2.195985408079357e-08 -2.194784221646711e-08
150 1500 473.1499408301495 2.195985408079357e-08 -2.194443515667753e-08
160 1600 476.4832707655482 2.195985408079357e-08 -2.193982843577283e-08
170 1700 479.8166007009468 2.195985408079357e-08 -2.193487387297779e-08
180 1800 483.1499306363453 2.195985408079357e-08 -2.193021765914753e-08
190 1900 486.4832605717441 2.195985408079357e-08 -2.192419480813177e-08
200 2000 489.8165905071428 2.195985408079357e-08 -2.191803227888851e-08
210 2100 493.1499204425413 2.195985408079357e-08 -2.191098735143203e-08
220 2200 496.48325037794 2.195985408079357e-08 -2.190207120655942e-08
230 2300 499.8165803133386 2.195985408079357e-08 -2.189138340965449e-08
240 2400 503.1499102487372 2.195985408079357e-08 -2.187957734951338e-08
250 2500 506.4832401841359 2.195985408079357e-08 -2.186536119619413e-08
260 2600 509.8165701195345 2.195985408079357e-08 -2.184916131902952e-08
270 2700 513.149900054933 2.195985408079357e-08 -2.183066884442723e-08
280 2800 516.4832299903318 2.195985408079357e-08 -2.180957325759415e-08
290 2900 519.8165599257302 2.195985408079357e-08 -2.178463731859098e-08
300 3000 523.1498898611291 2.195985408079357e-08 -2.175625600534628e-08
310 3100 526.4832197965276 2.195985408079357e-08 -2.172335552875649e-08
320 3200 529.8165497319262 2.195985408079357e-08 -2.168665882284711e-08
330 3300 533.1498796673247 2.195985408079357e-08 -2.164353227449172e-08
340 3400 536.4832096027235 2.195985408079357e-08 -2.159387271538887e-08
350 3500 539.8165395381221 2.195985408079357e-08 -2.153745482035807e-08
360 3600 543.1498694735207 2.195985408079357e-08 -2.147440602291003e-08
370 3700 546.4831994089193 2.195985408079357e-08 -2.139899758756993e-08
380 3800 549.8165293443182 2.195985408079357e-08 -2.131434096213615e-08
390 3900 553.1498592797166 2.195985408079357e-08 -2.121746118773123e-08
400 4000 556.4831892151153 2.195985408079357e-08 -2.110714076841591e-08
410 4100 559.8165191505138 2.195985408079357e-08 -2.097800444327955e-08
420 4200 563.1498490859126 2.195985408079357e-08 -2.083097143583572e-08
430 4300 566.4831790213109 2.195985408079357e-08 -2.066288527266711e-08
440 4400 569.8165089567098 2.195985408079357e-08 -2.046664117852402e-08
450 4500 573.1498388921083 2.195985408079357e-08 -2.023840142957676e-08
460 4600 576.483168827507 2.195985408079357e-08 -1.997555587839479e-08
470 4700 579.8164987629054 2.195985408079357e-08 -1.967081677599005e-08
480 4800 583.1498286983043 2.195985408079357e-08 -1.930998387780373e-08
490 4900 586.4831586337027 2.195985408079357e-08 -1.888605991092619e-08
500 5000 589.8164885691016 2.195985408079357e-08 -1.838111542491097e-08
510 5100 593.1498185044999 2.195985408079357e-08 -1.777832214984855e-08
520 5200 596.4831484398987 2.195985408079357e-08 -1.705139674561652e-08
530 5300 599.8164783752973 2.195985408079357e-08 -1.616598654024389e-08
540 5400 603.1498083106959 2.195985408079357e-08 -1.508043035234777e-08
550 5500 606.4831382460945 2.195985408079357e-08 -1.374819097202547e-08
560 5600 609.8164681814933 2.195985408079357e-08 -1.21435600527779e-08
570 5700 613.1497981168918 2.195985408079357e-08 -1.029072461380194e-08
580 5800 616.4831280522905 2.195985408079357e-08 -8.32943971155462e-09
590 5900 619.816457987689 2.195985408079357e-08 -6.493151171246299e-09
600 6000 623.1497879230877 2.195985408079357e-08 -4.986401139895668e-09
610 6100 626.4831178584861 2.195985408079357e-08 -3.858311766718343e-09
620 6200 629.8164477938849 2.195985408079357e-08 -3.045415448486615e-09
630 6300 633.1497777292835 2.195985408079357e-08 -2.460462658635601e-09
640 6400 636.4831076646822 2.195985408079357e-08 -2.026613543586182e-09
650 6500 639.8164376000808 2.195985408079357e-08 -1.692714055743274e-09
660 6600 643.1497675354794 2.195985408079357e-08 -1.427363165508594e-09
670 6700 646.4830974708781 2.195985408079357e-08 -1.211796371453665e-09
680 6800 649.8164274062767 2.195985408079357e-08 -1.033427103676332e-09
690 6900 653.1497573416752 2.195985408079357e-08 -8.838235266441459e-10
700 7000 656.483087277074 2.195985408079357e-08 -7.572180363691749e-10
710 7100 659.8164172124725 2.195985408079357e-08 -6.494475830747985e-10
720 7200 663.1497471478712 2.195985408079357e-08 -5.572055660360488e-10
730 7300 666.4830770832697 2.195985408079357e-08 -4.780614546297101e-10
740 7400 669.8164070186684 2.195985408079357e-08 -4.099803096656674e-10
750 7500 673.1497369540672 2.195985408079357e-08 -3.514162068656724e-10
760 7600 676.4830668894657 2.195985408079357e-08 -3.009625873125074e-10
770 7700 679.8163968248642 2.195985408079357e-08 -2.5746861457141e-10
780 7800 683.1497267602631 2.195985408079357e-08 -2.199537693401067e-10
790 7900 686.4830566956615 2.195985408079357e-08 -1.87613898373501e-10
800 8000 689.8163866310601 2.195985408079357e-08 -1.598420473348279e-10
810 8100 693.1497165664588 2.195985408079357e-08 -1.359967763490358e-10
820 8200 696.4830465018575 2.195985408079357e-08 -1.154991493222514e-10
830 8300 699.8163764372561 2.195985408079357e-08 -9.793393444047546e-11
840 8400 703.1497063726547 2.195985408079357e-08 -8.288283142836044e-11
850 8500 706.4830363080534 2.195985408079357e-08 -6.999939036659541e-11
860 8600 709.816366243452 2.195985408079357e-08 -5.897686258707493e-11
870 8700 713.1496961788507 2.195985408079357e-08 -4.961545588934771e-11
880 8800 716.4830261142491 2.195985408079357e-08 -4.164317485579976e-11
890 8900 719.816356049648 2.195985408079357e-08 -3.488211960131641e-11
900 9000 723.1496859850463 2.195985408079357e-08 -2.915706842633082e-11
910 9100 726.4830159204452 2.195985408079357e-08 -2.432399598126459e-11
920 9200 729.8163458558437 2.195985408079357e-08 -2.037207179702862e-11
930 9300 733.1496757912424 2.195985408079357e-08 -1.702185408191469e-11
940 9400 736.483005726641 2.195985408079357e-08 -1.410960045518632e-11
950 9500 739.8163356620396 2.195985408079357e-08 -1.166961739920371e-11
960 9600 743.1496655974382 2.195985408079357e-08 -9.628404299529444e-12
970 9700 746.4829955328368 2.195985408079357e-08 -7.925902474878086e-12
980 9800 749.8163254682355 2.195985408079357e-08 -6.513802373081574e-12
990 9900 753.1496554036341 2.195985408079357e-08 -5.342438184016168e-12
1000 10000 756.4829853390327 2.195985408079357e-08 -4.370436190251105e-12
1010 10100 759.8163152744313 2.195985408079357e-08 -3.566950420527571e-12
1020 10200 763.1496452098298 2.195985408079357e-08 -2.904524894019891e-12
1030 10300 766.4829751452287 2.195985408079357e-08 -2.361243628740533e-12
1040 10400 769.8163050806272 2.195985408079357e-08 -1.915721825678279e-12
1050 10500 773.1496350160259 2.195985408079357e-08 -1.551621586286894e-12
1060 10600 776.4829649514244 2.195985408079357e-08 -1.254618317117168e-12
1070 10700 779.816294886823 2.195985408079357e-08 -1.01186281938653e-12
1080 10800 783.1496248222217 2.195985408079357e-08 -8.147387885308592e-13
1090 10900 786.4829547576204 2.195985408079357e-08 -6.541457132240994e-13
1100 11000 789.8162846930189 2.195985408079357e-08 -5.240014942288231e-13
1110 11100 793.1496146284175 2.195985408079357e-08 -4.186816623564094e-13
1120 11200 796.4829445638163 2.195985408079357e-08 -3.342971789679736e-13
1130 11300 799.8162744992148 2.195985408079357e-08 -2.698737841460314e-13
1140 11400 803.1496044346136 2.195985408079357e-08 -2.161715989282455e-13
1150 11500 806.4829343700121 2.195985408079357e-08 -1.754860115873835e-13
1160 11600 809.8162643054105 2.195985408079357e-08 -1.403666569346029e-13
1170 11700 813.1495942408093 2.195985408079357e-08 -1.112858293078142e-13
1180 11800 816.4829241762083 2.195985408079357e-08 -8.784379564381523e-14
1190 11900 819.8162541116066 2.195985408079357e-08 -6.928189892177092e-14
1200 12000 823.1495840470051 2.195985408079357e-08 -5.456610705740775e-14
1210 12100 826.4829139824039 2.195985408079357e-08 -4.290931922477032e-14
1220 12200 829.8162439178027 2.195985408079357e-08 -3.368840192211248e-14
1230 12300 833.149573853201 2.195985408079357e-08 -2.639021656577635e-14
1240 12400 836.4829037885996 2.195985408079357e-08 -2.062163808513867e-14
1250 12500 839.8162337239985 2.195985408079357e-08 -1.611218674147146e-14
1260 12600 843.1495636593971 2.195985408079357e-08 -1.256016666576072e-14
1270 12700 846.4828935947955 2.195985408079357e-08 -9.788641993872316e-15
1280 12800 849.8162235301941 2.195985408079357e-08 -7.618530890758533e-15
1290 12900 853.1495534655928 2.195985408079357e-08 -5.922674017414015e-15
1300 13000 856.4828834009916 2.195985408079357e-08 -4.587199862818218e-15
1310 13100 859.81621333639 2.195985408079357e-08 -3.5564104061792e-15
1320 13200 863.1495432717886 2.195985408079357e-08 -2.754741598583467e-15
1330 13300 866.4828732071875 2.195985408079357e-08 -2.131384821127228e-15
1340 13400 869.816203142586 2.195985408079357e-08 -1.647134840333057e-15
1350 13500 873.149983077976 2.195985408079357e-08 -1.271491556655511e-15
1360 13600 856.4833134009831 2.195985408079357e-08 -1.124138958185922e-15
1370 13700 839.8166437239903 2.195985408079357e-08 -2.742630249120543e-15
1380 13800 823.1499740469977 2.195985408079357e-08 -9.028512629505984e-15
1390 13900 806.4833043700048 2.195985408079357e-08 -3.00031192220826e-14
1400 14000 789.8166346930121 2.195985408079357e-08 -1.014970746253667e-13
1410 14100 773.1499650160195 2.195985408079357e-08 -3.80217035963435e-13
1420 14200 756.4832953390265 2.195985408079357e-08 -1.111061904143062e-12
1430 14300 739.8166256620341 2.195985408079357e-08 -3.076256967623471e-12
1440 14400 723.1499559850412 2.195985408079357e-08 -8.032676787476598e-12
1450 14500 706.4832863080485 2.195985408079357e-08 -2.082449818588343e-11
1460 14600 689.8166166310557 2.195985408079357e-08 -4.897708198306137e-11
1470 14700 673.1499469540631 2.195985408079357e-08 -1.085235189914287e-10
1480 14800 656.4832772770702 2.195985408079357e-08 -2.285439258216296e-10
1490 14900 639.8166076000774 2.195985408079357e-08 -4.616871285966183e-10
1500 15000 623.1499379230848 2.195985408079357e-08 -9.007830076256632e-10
1510 15100 606.4832682460918 2.195985408079357e-08 -1.724010935277462e-09
1520 15200 589.8165985690994 2.195985408079357e-08 -3.328126474393082e-09
1530 15300 573.1499288921066 2.195985408079357e-08 -6.70326032285801e-09
1540 15400 556.4832592151138 2.195985408079357e-08 -1.393616955850599e-08
1550 15500 539.8165895381211 2.195985408079357e-08 -1.998087080768975e-08
1560 15600 523.1499198611285 2.195985408079357e-08 -2.127840394283042e-08
1570 15700 506.4832501841356 2.195985408079357e-08 -2.16508602041512e-08
1580 15800 489.8165805071429 2.195985408079357e-08 -2.181143609435231e-08
1590 15900 473.1499108301502 2.195985408079357e-08 -2.188663194541999e-08
1600 16000 456.4832411531573 2.195985408079357e-08 -2.19213662861641e-08
1610 16100 439.8165714761647 2.195985408079357e-08 -2.192915870254309e-08
1620 16200 423.1499017991719 2.195985408079357e-08 -2.194031930066558e-08
