"monitor"
"Time Step" "flow-time etc.."
("Time Step" "flow-time" "temp_setpoint" "ch4_in" "ch4_out")
0 0 423.1499917991702 2.195985408079357e-08 -2.194804487717682e-08
10 100 426.4833217345688 2.195985408079357e-08 -2.195439829088836e-08
20 200 429.8166516699674 2.195985408079357e-08 -2.19578315724623e-08
30 300 433.1499816053661 2.195985408079357e-08 -2.195950121758085e-08
40 400 436.4833115407647 2.195985408079357e-08 -2.195912564104312e-08
50 500 439.8166414761634 2.195985408079357e-08 -2.195926865747926e-08
60 600 443.1499714115619 2.195985408079357e-08 -2.195897373313295e-08
70 700 446.4833013469606 2.195985408079357e-08 -2.195713544789191e-08
80 800 449.8166312823593 2.195985408079357e-08 -2.195807256049445e-08
90 900 453.1499612177579 2.195985408079357e-08 -2.195560727764831e-08
100 1000 456.4832911531564 2.195985408079357e-08 -2.195410394427739e-08
110 1100 459.8166210885551 2.195985408079357e-08 -2.195480977245163e-08
120 1200 463.1499510239537 2.195985408079357e-08 -2.195124680584699e-08
130 1300 466.4832809593523 2.195985408079357e-08 -2.194862919767453e-08
140 1400 469.8166108947509 2.195985408079357e-08 -2.194631962049645e-08
150 1500 473.1499408301495 2.195985408079357e-08 -2.19427087325273e-08
160 1600 476.4832707655482 2.195985408079357e-08 -2.194003576405473e-08
170 1700 479.8166007009468 2.195985408079357e-08 -2.193519872997914e-08
180 1800 483.1499306363453 2.195985408079357e-08 -2.193075561473549e-08
190 1900 486.4832605717441 2.195985408079357e-08 -2.192482647948525e-08
200 2000 489.8165905071428 2.195985408079357e-08 -2.191816774920457e-08
210 2100 493.1499204425413 2.195985408079357e-08 -2.191278612078325e-08
220 2200 496.48325037794 2.195985408079357e-08 -2.190351432655996e-08
230 2300 499.8165803133386 2.195985408079357e-08 -2.189090883792413e-08
240 2400 503.1499102487372 2.195985408079357e-08 -2.188037976411074e-08
250 2500 506.4832401841359 2.195985408079357e-08 -2.186472614093747e-08
260 2600 509.8165701195345 2.195985408079357e-08 -2.184841678057919e-08
270 2700 513.149900054933 2.195985408079357e-08 -2.182999480814849e-08
280 2800 516.4832299903318 2.195985408079357e-08 -2.180799738897244e-08
290 2900 519.8165599257302 2.195985408079357e-08 -2.178590316880279e-08
300 3000 523.1498898611291 2.195985408079357e-08 -2.175762522954628e-08
310 3100 526.4832197965276 2.195985408079357e-08 -2.172229505485644e-08
320 3200 529.8165497319262 2.195985408079357e-08 -2.168437217528425e-08
330 3300 533.1498796673247 2.195985408079357e-08 -2.164138224658676e-08
340 3400 536.4832096027235 2.195985408079357e-08 -2.159114075437465e-08
350 3500 539.8165395381221 2.195985408079357e-08 -2.153476145981548e-08
360 3600 543.1498694735207 2.195985408079357e-08 -2.146998886933147e-08
370 3700 546.4831994089193 2.195985408079357e-08 -2.139604607575479e-08
380 3800 549.8165293443182 2.195985408079357e-08 -2.130894952166422e-08
390 3900 553.1498592797166 2.195985408079357e-08 -2.121221456892238e-08
400 4000 556.4831892151153 2.195985408079357e-08 -2.110044627035546e-08
410 4100 559.8165191505138 2.195985408079357e-08 -2.097071496880797e-08
420 4200 563.1498490859126 2.195985408079357e-08 -2.082249827073547e-08
430 4300 566.4831790213109 2.195985408079357e-08 -2.065095555275146e-08
440 4400 569.8165089567098 2.195985408079357e-08 -2.045316221782128e-08
450 4500 573.1498388921083 2.195985408079357e-08 -2.022480259206448e-08
460 4600 576.483168827507 2.195985408079357e-08 -1.995918760541941e-08
470 4700 579.8164987629054 2.195985408079357e-08 -1.965197782449166e-08
480 4800 583.1498286983043 2.195985408079357e-08 -1.92849481196827e-08
490 4900 586.4831586337027 2.195985408079357e-08 -1.885780757841808e-08
500 5000 589.8164885691016 2.195985408079357e-08 -1.8348418882559e-08
510 5100 593.1498185044999 2.195985408079357e-08 -1.773696519607275e-08
520 5200 596.4831484398987 2.195985408079357e-08 -1.700046394851596e-08
530 5300 599.8164783752973 2.195985408079357e-08 -1.61011781302401e-08
540 5400 603.1498083106959 2.195985408079357e-08 -1.499969375123243e-08
550 5500 606.4831382460945 2.195985408079357e-08 -1.36483061944512e-08
560 5600 609.8164681814933 2.195985408079357e-08 -1.201955537848304e-08
570 5700 613.1497981168918 2.195985408079357e-08 -1.014803425196145e-08
580 5800 616.4831280522905 2.195985408079357e-08 -8.181258560643011e-09
590 5900 619.816457987689 2.195985408079357e-08 -6.35777163347939e-09
600 6000 623.1497879230877 2.195985408079357e-08 -4.875589249696169e-09
610 6100 626.4831178584861 2.195985408079357e-08 -3.771972135150153e-09
620 6200 629.8164477938849 2.195985408079357e-08 -2.979212808756666e-09
630 6300 633.1497777292835 2.195985408079357e-08 -2.408756464669366e-09
640 6400 636.4831076646822 2.195985408079357e-08 -1.985021445300877e-09
650 6500 639.8164376000808 2.195985408079357e-08 -1.658288789683337e-09
660 6600 643.1497675354794 2.195985408079357e-08 -1.398548787492003e-09
670 6700 646.4830974708781 2.195985408079357e-08 -1.187535386666143e-09
680 6800 649.8164274062767 2.195985408079357e-08 -1.012726599642743e-09
690 6900 653.1497573416752 2.195985408079357e-08 -8.660975734324636e-10
700 7000 656.483087277074 2.195985408079357e-08 -7.420639025459152e-10
710 7100 659.8164172124725 2.195985408079357e-08 -6.362732259878959e-10
720 7200 663.1497471478712 2.195985408079357e-08 -5.457969021653344e-10
730 7300 666.4830770832697 2.195985408079357e-08 -4.682066246333791e-10
740 7400 669.8164070186684 2.195985408079357e-08 -4.014400072728044e-10
750 7500 673.1497369540672 2.195985408079357e-08 -3.440164981511872e-10
760 7600 676.4830668894657 2.195985408079357e-08 -2.945347906445561e-10
770 7700 679.8163968248642 2.195985408079357e-08 -2.51901648148849e-10
780 7800 683.1497267602631 2.195985408079357e-08 -2.151436607099334e-10
790 7900 686.4830566956615 2.195985408079357e-08 -1.83459216292548e-10
800 8000 689.8163866310601 2.195985408079357e-08 -1.562610775793603e-10
810 8100 693.1497165664588 2.195985408079357e-08 -1.328969821310702e-10
820 8200 696.4830465018575 2.195985408079357e-08 -1.128407319212615e-10
830 8300 699.8163764372561 2.195985408079357e-08 -9.564455547250809e-11
840 8400 703.1497063726547 2.195985408079357e-08 -8.092021906228314e-11
850 8500 706.4830363080534 2.195985408079357e-08 -6.8313417482577e-11
860 8600 709.816366243452 2.195985408079357e-08 -5.753758869070827e-11
870 8700 713.1496961788507 2.195985408079357e-08 -4.838787410885951e-11
880 8800 716.4830261142491 2.195985408079357e-08 -4.059516836056558e-11
890 8900 719.816356049648 2.195985408079357e-08 -3.399573564294299e-11
900 9000 723.1496859850463 2.195985408079357e-08 -2.840285150351174e-11
910 9100 726.4830159204452 2.195985408079357e-08 -2.36870673628083e-11
920 9200 729.8163458558437 2.195985408079357e-08 -1.986736856303197e-11
930 9300 733.1496757912424 2.195985408079357e-08 -1.656345438498221e-11
940 9400 736.483005726641 2.195985408079357e-08 -1.372565046383641e-11
950 9500 739.8163356620396 2.195985408079357e-08 -1.134464597106553e-11
960 9600 743.1496655974382 2.195985408079357e-08 -9.356588301039487e-12
970 9700 746.4829955328368 2.195985408079357e-08 -7.699912427735351e-12
980 9800 749.8163254682355 2.195985408079357e-08 -6.326602284265092e-12
990 9900 753.1496554036341 2.195985408079357e-08 -5.186565151652993e-12
1000 10000 756.4829853390327 2.195985408079357e-08 -4.240447574739797e-12
1010 10100 759.8163152744313 2.195985408079357e-08 -3.459527435825524e-12
1020 10200 763.1496452098298 2.195985408079357e-08 -2.815878419219907e-12
1030 10300 766.4829751452287 2.195985408079357e-08 -2.288545447359426e-12
1040 10400 769.8163050806272 2.195985408079357e-08 -1.855963043529472e-12
1050 10500 773.1496350160259 2.195985408079357e-08 -1.502969420789295e-12
1060 10600 776.4829649514244 2.195985408079357e-08 -1.214765800002158e-12
1070 10700 779.816294886823 2.195985408079357e-08 -9.793365990795921e-13
1080 10800 783.1496248222217 2.195985408079357e-08 -7.87832483205897e-13
1090 10900 786.4829547576204 2.195985408079357e-08 -6.324826757212581e-13
1100 11000 789.8162846930189 2.195985408079357e-08 -5.06332957274139e-13
1110 11100 793.1496146284175 2.195985408079357e-08 -4.044522056213192e-13
1120 11200 796.4829445638163 2.195985408079357e-08 -3.227865126497908e-13
1130 11300 799.8162744992148 2.195985408079357e-08 -2.611378138129481e-13
1140 11400 803.1496044346136 2.195985408079357e-08 -2.092250701576086e-13
1150 11500 806.4829343700121 2.195985408079357e-08 -1.690335869775139e-13
1160 11600 809.8162643054105 2.195985408079357e-08 -1.350064030625358e-13
1170 11700 813.1495942408093 2.195985408079357e-08 -1.071813445984894e-13
1180 11800 816.4829241762083 2.195985408079357e-08 -8.45994957187113e-14
1190 11900 819.8162541116066 2.195985408079357e-08 -6.671906616561055e-14
1200 12000 823.1495840470051 2.195985408079357e-08 -5.252720464387133e-14
1210 12100 826.4829139824039 2.195985408079357e-08 -4.128833676466018e-14
1220 12200 829.8162439178027 2.195985408079357e-08 -3.240347614959993e-14
1230 12300 833.149573853201 2.195985408079357e-08 -2.535001898541687e-14
1240 12400 836.4829037885996 2.195985408079357e-08 -1.981540461506273e-14
1250 12500 839.8162337239985 2.195985408079357e-08 -1.546529987452391e-14
1260 12600 843.1495636593971 2.195985408079357e-08 -1.20613866746985e-14
1270 12700 846.4828935947955 2.195985408079357e-08 -9.396177422640889e-15
1280 12800 849.8162235301941 2.195985408079357e-08 -7.310852590405144e-15
1290 12900 853.1495534655928 2.195985408079357e-08 -5.676043032898219e-15
1300 13000 856.4828834009916 2.195985408079357e-08 -4.397221121170729e-15
1310 13100 859.81621333639 2.195985408079357e-08 -3.408768007007732e-15
1320 13200 863.1495432717886 2.195985408079357e-08 -2.639514630096903e-15
1330 13300 866.4828732071875 2.195985408079357e-08 -2.041292465492244e-15
1340 13400 869.816203142586 2.195985408079357e-08 -1.5768612161694e-15
1350 13500 873.149983077976 2.195985408079357e-08 -1.216827802877351e-15
1360 13600 856.4833134009831 2.195985408079357e-08 -1.076639774424052e-15
1370 13700 839.8166437239903 2.195985408079357e-08 -2.634446890482878e-15
1380 13800 823.1499740469977 2.195985408079357e-08 -8.680130545653107e-15
1390 13900 806.4833043700048 2.195985408079357e-08 -2.893792224758471e-14
1400 14000 789.8166346930121 2.195985408079357e-08 -9.800454697493805e-14
1410 14100 773.1499650160195 2.195985408079357e-08 -3.678182681406241e-13
1420 14200 756.4832953390265 2.195985408079357e-08 -1.07525042027082e-12
1430 14300 739.8166256620341 2.195985408079357e-08 -2.987875377268859e-12
1440 14400 723.1499559850412 2.195985408079357e-08 -7.816330281515817e-12
1450 14500 706.4832863080485 2.195985408079357e-08 -2.030061855047502e-11
1460 14600 689.8166166310557 2.195985408079357e-08 -4.782497208550125e-11
1470 14700 673.1499469540631 2.195985408079357e-08 -1.061576988452083e-10
1480 14800 656.4832772770702 2.195985408079357e-08 -2.238912190296782e-10
1490 14900 639.8166076000774 2.195985408079357e-08 -4.527951017571403e-10
1500 15000 623.1499379230848 2.195985408079357e-08 -8.840613447684777e-10
1510 15100 606.4832682460918 2.195985408079357e-08 -1.692829263789835e-09
1520 15200 589.8165985690994 2.195985408079357e-08 -3.266344320908613e-09
1530 15300 573.1499288921066 2.195985408079357e-08 -6.579201896641921e-09
1540 15400 556.4832592151138 2.195985408079357e-08 -1.373496056512181e-08
1550 15500 539.8165895381211 2.195985408079357e-08 -1.99106145402209e-08
1560 15600 523.1499198611285 2.195985408079357e-08 -2.127538593528095e-08
1570 15700 506.4832501841356 2.195985408079357e-08 -2.165180381917305e-08
1580 15800 489.8165805071429 2.195985408079357e-08 -2.181752256245318e-08
1590 15900 473.1499108301502 2.195985408079357e-08 -2.188361587239081e-08
1600 16000 456.4832411531573 2.195985408079357e-08 -2.192130387653485e-08
1610 16100 439.8165714761647 2.195985408079357e-08 -2.193543270381343e-08
1620 16200 423.1499017991719 2.195985408079357e-08 -2.194490007758799e-08
